<?xml version="1.0" encoding="UTF-8"?>
<!-- Generated by org.testng.reporters.JUnitXMLReporter -->
<testsuite hostname="DESKTOP-FKQ7FVA" ignored="0" name="Test1" tests="3" failures="0" timestamp="19 Aug 2019 11:34:22 GMT" time="0.104" errors="0">
  <testcase name="testMethod1" time="0.023" classname="demo.TestNGGroupsDemo"/>
  <testcase name="testMethod2" time="0.005" classname="demo.TestNGGroupsDemo"/>
  <testcase name="testMethod3" time="0.004" classname="demo.TestNGGroupsDemo"/>
</testsuite> <!-- Test1 -->
