<?xml version="1.0" encoding="UTF-8"?>
<!-- Generated by org.testng.reporters.JUnitXMLReporter -->
<testsuite hostname="DESKTOP-FKQ7FVA" ignored="0" name="Test" tests="6" failures="1" timestamp="19 Aug 2019 08:12:44 GMT" time="0.092" errors="0">
  <testcase name="test1" time="0.023" classname="listener.TestNGListenerDemo"/>
  <testcase name="test2" time="0.004" classname="listener.TestNGListenerDemo">
    <failure type="java.lang.AssertionError" message="expected [true] but found [false]">
      <![CDATA[java.lang.AssertionError: expected [true] but found [false]
at listener.TestNGListenerDemo.test2(TestNGListenerDemo.java:17)
... Removed 29 stack frames]]>
    </failure>
  </testcase> <!-- test2 -->
  <testcase name="test3" time="0.012" classname="listener.TestNGListenerDemo">
    <skipped/>
  </testcase> <!-- test3 -->
  <testcase name="test21" time="0.001" classname="listener.TestNGListenerDemo2"/>
  <testcase name="test22" time="0.009" classname="listener.TestNGListenerDemo2"/>
  <testcase name="test23" time="0.0" classname="listener.TestNGListenerDemo2">
    <skipped/>
  </testcase> <!-- test23 -->
</testsuite> <!-- Test -->
