<?xml version="1.0" encoding="UTF-8"?>
<testng-results skipped="0" failed="0" ignored="0" total="1" passed="1">
  <reporter-output>
  </reporter-output>
  <suite name="Default suite" duration-ms="13659" started-at="2019-08-19T12:22:30Z" finished-at="2019-08-19T12:22:43Z">
    <groups>
    </groups>
    <test name="Default test" duration-ms="13659" started-at="2019-08-19T12:22:30Z" finished-at="2019-08-19T12:22:43Z">
      <class name="demo.RecordTest1">
        <test-method status="PASS" signature="setUp()[pri:0, instance:demo.RecordTest1@6500df86]" name="setUp" is-config="true" duration-ms="5298" started-at="2019-08-19T12:22:30Z" finished-at="2019-08-19T12:22:35Z">
          <reporter-output>
          </reporter-output>
        </test-method> <!-- setUp -->
        <test-method status="PASS" signature="testRecordTest1()[pri:0, instance:demo.RecordTest1@6500df86]" name="testRecordTest1" duration-ms="7584" started-at="2019-08-19T12:22:35Z" finished-at="2019-08-19T12:22:42Z">
          <reporter-output>
          </reporter-output>
        </test-method> <!-- testRecordTest1 -->
        <test-method status="PASS" signature="tearDown()[pri:0, instance:demo.RecordTest1@6500df86]" name="tearDown" is-config="true" duration-ms="748" started-at="2019-08-19T12:22:43Z" finished-at="2019-08-19T12:22:43Z">
          <reporter-output>
          </reporter-output>
        </test-method> <!-- tearDown -->
      </class> <!-- demo.RecordTest1 -->
    </test> <!-- Default test -->
  </suite> <!-- Default suite -->
</testng-results>
